{"level":"info","ts":"2019-12-21T21:01:57.493+0800","caller":"miMallDemo/main.go:34","msg":"simple zap logger example"}
{"level":"info","ts":"2019-12-21T21:03:49.628+0800","caller":"miMallDemo/main.go:34","msg":"Hello Zap Logger"}
{"level":"info","ts":"2019-12-21T21:05:16.489+0800","caller":"miMallDemo/main.go:34","msg":"Hello Zap Logger"}
{"level":"info","ts":"2019-12-21T21:06:00.064+0800","caller":"miMallDemo/main.go:34","msg":"Hello Zap Logger"}
{"level":"info","ts":"2019-12-21T21:11:04.192+0800","caller":"miMallDemo/main.go:33","msg":"simple zap logger example"}
{"level":"info","ts":"2019-12-21T21:17:41.154+0800","caller":"miMallDemo/main.go:33","msg":"simple zap logger example"}
{"level":"debug","ts":"2019-12-21T21:17:41.154+0800","caller":"miMallDemo/main.go:34","msg":"HEllo"}
{"level":"info","ts":"2019-12-21T22:09:10.950+0800","caller":"miMallDemo/main.go:33","msg":"simple zap logger example"}
{"level":"debug","ts":"2019-12-21T22:09:10.950+0800","caller":"miMallDemo/main.go:34","msg":"HEllo"}
{"level":"info","ts":"2019-12-21T22:09:36.664+0800","caller":"miMallDemo/main.go:33","msg":"simple zap logger example"}
{"level":"debug","ts":"2019-12-21T22:09:36.664+0800","caller":"miMallDemo/main.go:34","msg":"HEllo"}
{"level":"info","ts":"2019-12-21T22:10:32.138+0800","caller":"logger/logger.go:79","msg":"simple zap logger example"}
{"level":"info","ts":"2019-12-21T22:24:25.864+0800","caller":"logger/logger.go:79","msg":"simple zap logger example"}
{"level":"info","ts":"2019-12-21T22:24:26.867+0800","caller":"middleware/logger.go:11","msg":"Incomming Request: /sd/health"}
{"level":"info","ts":"2019-12-21T22:24:59.218+0800","caller":"middleware/logger.go:11","msg":"Incomming Request: /sd/cpu"}
{"level":"info","ts":"2019-12-21T22:25:16.686+0800","caller":"middleware/logger.go:11","msg":"Incomming Request: /sd/disk"}
{"level":"info","ts":"2019-12-21T22:25:22.173+0800","caller":"middleware/logger.go:11","msg":"Incomming Request: /sd/abc"}
{"level":"info","ts":"2019-12-21T22:27:58.408+0800","caller":"logger/logger.go:79","msg":"simple zap logger example"}
{"level":"info","ts":"2019-12-21T22:27:59.412+0800","caller":"middleware/logger.go:11","msg":"Incoming Request: /sd/health200"}
{"level":"info","ts":"2019-12-21T22:29:26.762+0800","caller":"logger/logger.go:79","msg":"simple zap logger example"}
{"level":"info","ts":"2019-12-21T22:29:27.769+0800","caller":"middleware/logger.go:11","msg":"Incoming Request: /sd/health,"}
{"level":"info","ts":"2019-12-21T22:32:18.569+0800","caller":"logger/logger.go:79","msg":"simple zap logger example"}
{"level":"info","ts":"2019-12-21T22:32:19.574+0800","caller":"middleware/logger.go:11","msg":"Incoming Request: /sd/health, status: 200 "}
